
Breakpoint 1, start () at kernel/arch/loongarch/boot/start.c:16
Breakpoint 7 at 0x0
Continuing.

Breakpoint 3, main () at kernel/main.c:38
Continuing.

Breakpoint 7, 0x0000000000000000 in ?? ()
=> 0x0000000000000000:	
Cannot access memory at address 0x0
Breakpoint 8 at 0x4
Continuing.

Breakpoint 7, 0x0000000000000000 in ?? ()
=> 0x0000000000000000:	04 00 00 18	pcaddi      	$a0, 0

Breakpoint 8, 0x0000000000000004 in ?? ()
=> 0x0000000000000004:	84 60 c0 02	addi.d      	$a0, $a0, 24(0x18)
0x0000000000000008 in ?? ()
=> 0x0000000000000008:	0b 74 83 03	ori         	$a7, $zero, 0xdd
0x000000000000000c in ?? ()
=> 0x000000000000000c:	05 00 80 03	ori         	$a1, $zero, 0x0
0x0000000000000010 in ?? ()
=> 0x0000000000000010:	06 00 80 03	ori         	$a2, $zero, 0x0
0x0000000000000014 in ?? ()
=> 0x0000000000000014:	00 00 2b 00	syscall     	0x0
Breakpoint 9 at 0x14
Breakpoint 10 at 0x18
Continuing.

Breakpoint 8, 0x0000000000000004 in ?? ()
=> 0x0000000000000004:	84 60 c0 02	addi.d      	$a0, $a0, 24(0x18)
0x0000000000000008 in ?? ()
=> 0x0000000000000008:	0b 74 83 03	ori         	$a7, $zero, 0xdd
0x000000000000000c in ?? ()
=> 0x000000000000000c:	05 00 80 03	ori         	$a1, $zero, 0x0
0x0000000000000010 in ?? ()
=> 0x0000000000000010:	06 00 80 03	ori         	$a2, $zero, 0x0

Breakpoint 9, 0x0000000000000014 in ?? ()
=> 0x0000000000000014:	00 00 2b 00	syscall     	0x0
0xffffffffffffe000 in ?? ()
=> 0xffffffffffffe000:	2c c4 00 04	csrwr       	$t0, 0x31
0xffffffffffffe004 in ?? ()
=> 0xffffffffffffe004:	2d c8 00 04	csrwr       	$t1, 0x32
0xffffffffffffe008 in ?? ()
=> 0xffffffffffffe008:	2e cc 00 04	csrwr       	$t2, 0x33
0xffffffffffffe00c in ?? ()
=> 0xffffffffffffe00c:	2c 14 00 04	csrwr       	$t0, 0x5
0xffffffffffffe010 in ?? ()
=> 0xffffffffffffe010:	2d 18 00 04	csrwr       	$t1, 0x6
0xffffffffffffe014 in ?? ()
=> 0xffffffffffffe014:	2e 1c 00 04	csrwr       	$t2, 0x7
$1 = 0x14
0xffffffffffffe018 in ?? ()
=> 0xffffffffffffe018:	2c c4 00 04	csrwr       	$t0, 0x31
0xffffffffffffe01c in ?? ()
=> 0xffffffffffffe01c:	2d c8 00 04	csrwr       	$t1, 0x32
0xffffffffffffe020 in ?? ()
=> 0xffffffffffffe020:	2e cc 00 04	csrwr       	$t2, 0x33
Breakpoint 11 at 0x9000000000200238: file kernel/arch/loongarch/boot/syscall.c, line 24.
Continuing.

Breakpoint 11, syscall () at kernel/arch/loongarch/boot/syscall.c:24
0x90000000002002fc in syscall () at kernel/arch/loongarch/boot/syscall.c:35
0x9000000000200304 in syscall () at kernel/arch/loongarch/boot/syscall.c:35
trap (ecode=11) at kernel/arch/loongarch/trap/trap.c:111
0x90000000002082ec in trap (ecode=-1879048192) at kernel/arch/loongarch/trap/trap.c:112
0x90000000002082f0 in trap (ecode=11) at kernel/arch/loongarch/trap/trap.c:112
0x90000000002083b4 in user_trap () at kernel/arch/loongarch/trap/trap.c:140
dive_to_user () at kernel/arch/loongarch/trap/trap.c:153
Undefined command: "p->trapframe->era".  Try "help".
$2 = 0x18
0xffffffffffffe0b4 in ?? ()
=> 0xffffffffffffe0b4:	0c 64 00 04	csrrd       	$t0, 0x19
0xffffffffffffe0b8 in ?? ()
=> 0xffffffffffffe0b8:	85 0d 00 58	beq         	$t0, $a1, 12(0xc)	# 0xffffffffffffe0c4
0xffffffffffffe0c4 in ?? ()
=> 0xffffffffffffe0c4:	8c 00 c1 28	ld.d        	$t0, $a0, 64(0x40)
0xffffffffffffe0c8 in ?? ()
=> 0xffffffffffffe0c8:	2c c0 00 04	csrwr       	$t0, 0x30
0xffffffffffffe0cc in ?? ()
=> 0xffffffffffffe0cc:	81 a0 c0 28	ld.d        	$ra, $a0, 40(0x28)
0xffffffffffffe0d0 in ?? ()
=> 0xffffffffffffe0d0:	82 c0 c0 28	ld.d        	$tp, $a0, 48(0x30)
0xffffffffffffe0d4 in ?? ()
=> 0xffffffffffffe0d4:	83 e0 c0 28	ld.d        	$sp, $a0, 56(0x38)
0xffffffffffffe0d8 in ?? ()
=> 0xffffffffffffe0d8:	85 20 c1 28	ld.d        	$a1, $a0, 72(0x48)
0xffffffffffffe0dc in ?? ()
=> 0xffffffffffffe0dc:	86 40 c1 28	ld.d        	$a2, $a0, 80(0x50)
0xffffffffffffe0e0 in ?? ()
=> 0xffffffffffffe0e0:	87 60 c1 28	ld.d        	$a3, $a0, 88(0x58)
0xffffffffffffe0e4 in ?? ()
=> 0xffffffffffffe0e4:	88 80 c1 28	ld.d        	$a4, $a0, 96(0x60)
0xffffffffffffe0e8 in ?? ()
=> 0xffffffffffffe0e8:	89 a0 c1 28	ld.d        	$a5, $a0, 104(0x68)
0xffffffffffffe0ec in ?? ()
=> 0xffffffffffffe0ec:	8a c0 c1 28	ld.d        	$a6, $a0, 112(0x70)
0xffffffffffffe0f0 in ?? ()
=> 0xffffffffffffe0f0:	8b e0 c1 28	ld.d        	$a7, $a0, 120(0x78)
0xffffffffffffe0f4 in ?? ()
=> 0xffffffffffffe0f4:	8c 00 c2 28	ld.d        	$t0, $a0, 128(0x80)
0xffffffffffffe0f8 in ?? ()
=> 0xffffffffffffe0f8:	8d 20 c2 28	ld.d        	$t1, $a0, 136(0x88)
0xffffffffffffe0fc in ?? ()
=> 0xffffffffffffe0fc:	8e 40 c2 28	ld.d        	$t2, $a0, 144(0x90)
0xffffffffffffe100 in ?? ()
=> 0xffffffffffffe100:	8f 60 c2 28	ld.d        	$t3, $a0, 152(0x98)
0xffffffffffffe104 in ?? ()
=> 0xffffffffffffe104:	90 80 c2 28	ld.d        	$t4, $a0, 160(0xa0)
0xffffffffffffe108 in ?? ()
=> 0xffffffffffffe108:	91 a0 c2 28	ld.d        	$t5, $a0, 168(0xa8)
0xffffffffffffe10c in ?? ()
=> 0xffffffffffffe10c:	92 c0 c2 28	ld.d        	$t6, $a0, 176(0xb0)
0xffffffffffffe110 in ?? ()
=> 0xffffffffffffe110:	93 e0 c2 28	ld.d        	$t7, $a0, 184(0xb8)
0xffffffffffffe114 in ?? ()
=> 0xffffffffffffe114:	94 00 c3 28	ld.d        	$t8, $a0, 192(0xc0)
0xffffffffffffe118 in ?? ()
=> 0xffffffffffffe118:	96 20 c3 28	ld.d        	$fp, $a0, 200(0xc8)
0xffffffffffffe11c in ?? ()
=> 0xffffffffffffe11c:	97 40 c3 28	ld.d        	$s0, $a0, 208(0xd0)
0xffffffffffffe120 in ?? ()
=> 0xffffffffffffe120:	98 60 c3 28	ld.d        	$s1, $a0, 216(0xd8)
0xffffffffffffe124 in ?? ()
=> 0xffffffffffffe124:	99 80 c3 28	ld.d        	$s2, $a0, 224(0xe0)
0xffffffffffffe128 in ?? ()
=> 0xffffffffffffe128:	9a a0 c3 28	ld.d        	$s3, $a0, 232(0xe8)
0xffffffffffffe12c in ?? ()
=> 0xffffffffffffe12c:	9b c0 c3 28	ld.d        	$s4, $a0, 240(0xf0)
0xffffffffffffe130 in ?? ()
=> 0xffffffffffffe130:	9c e0 c3 28	ld.d        	$s5, $a0, 248(0xf8)
0xffffffffffffe134 in ?? ()
=> 0xffffffffffffe134:	9d 00 c4 28	ld.d        	$s6, $a0, 256(0x100)
0xffffffffffffe138 in ?? ()
=> 0xffffffffffffe138:	9e 20 c4 28	ld.d        	$s7, $a0, 264(0x108)
0xffffffffffffe13c in ?? ()
=> 0xffffffffffffe13c:	9f 40 c4 28	ld.d        	$s8, $a0, 272(0x110)
0xffffffffffffe140 in ?? ()
=> 0xffffffffffffe140:	24 c0 00 04	csrwr       	$a0, 0x30
0xffffffffffffe144 in ?? ()
=> 0xffffffffffffe144:	00 38 48 06	ertn        

Breakpoint 10, 0x0000000000000018 in ?? ()
=> 0x0000000000000018:	00 00 00 50	b           	0	# 0x18

Breakpoint 10, 0x0000000000000018 in ?? ()
=> 0x0000000000000018:	00 00 00 50	b           	0	# 0x18

Breakpoint 10, 0x0000000000000018 in ?? ()
=> 0x0000000000000018:	00 00 00 50	b           	0	# 0x18

Breakpoint 10, 0x0000000000000018 in ?? ()
=> 0x0000000000000018:	00 00 00 50	b           	0	# 0x18

Breakpoint 10, 0x0000000000000018 in ?? ()
=> 0x0000000000000018:	00 00 00 50	b           	0	# 0x18

Breakpoint 10, 0x0000000000000018 in ?? ()
=> 0x0000000000000018:	00 00 00 50	b           	0	# 0x18

Breakpoint 10, 0x0000000000000018 in ?? ()
=> 0x0000000000000018:	00 00 00 50	b           	0	# 0x18

Breakpoint 10, 0x0000000000000018 in ?? ()
=> 0x0000000000000018:	00 00 00 50	b           	0	# 0x18

Breakpoint 10, 0x0000000000000018 in ?? ()
=> 0x0000000000000018:	00 00 00 50	b           	0	# 0x18

Breakpoint 10, 0x0000000000000018 in ?? ()
=> 0x0000000000000018:	00 00 00 50	b           	0	# 0x18

Breakpoint 10, 0x0000000000000018 in ?? ()
=> 0x0000000000000018:	00 00 00 50	b           	0	# 0x18

Breakpoint 10, 0x0000000000000018 in ?? ()
=> 0x0000000000000018:	00 00 00 50	b           	0	# 0x18

Breakpoint 10, 0x0000000000000018 in ?? ()
=> 0x0000000000000018:	00 00 00 50	b           	0	# 0x18

Breakpoint 10, 0x0000000000000018 in ?? ()
=> 0x0000000000000018:	00 00 00 50	b           	0	# 0x18

Breakpoint 10, 0x0000000000000018 in ?? ()
=> 0x0000000000000018:	00 00 00 50	b           	0	# 0x18

Breakpoint 10, 0x0000000000000018 in ?? ()
=> 0x0000000000000018:	00 00 00 50	b           	0	# 0x18

Breakpoint 10, 0x0000000000000018 in ?? ()
=> 0x0000000000000018:	00 00 00 50	b           	0	# 0x18

Breakpoint 10, 0x0000000000000018 in ?? ()
=> 0x0000000000000018:	00 00 00 50	b           	0	# 0x18

Breakpoint 10, 0x0000000000000018 in ?? ()
=> 0x0000000000000018:	00 00 00 50	b           	0	# 0x18

Breakpoint 10, 0x0000000000000018 in ?? ()
=> 0x0000000000000018:	00 00 00 50	b           	0	# 0x18

Breakpoint 10, 0x0000000000000018 in ?? ()
=> 0x0000000000000018:	00 00 00 50	b           	0	# 0x18

Breakpoint 10, 0x0000000000000018 in ?? ()
=> 0x0000000000000018:	00 00 00 50	b           	0	# 0x18

Breakpoint 10, 0x0000000000000018 in ?? ()
=> 0x0000000000000018:	00 00 00 50	b           	0	# 0x18

Breakpoint 10, 0x0000000000000018 in ?? ()
=> 0x0000000000000018:	00 00 00 50	b           	0	# 0x18

Breakpoint 10, 0x0000000000000018 in ?? ()
=> 0x0000000000000018:	00 00 00 50	b           	0	# 0x18

Breakpoint 10, 0x0000000000000018 in ?? ()
=> 0x0000000000000018:	00 00 00 50	b           	0	# 0x18

Breakpoint 10, 0x0000000000000018 in ?? ()
=> 0x0000000000000018:	00 00 00 50	b           	0	# 0x18

Breakpoint 10, 0x0000000000000018 in ?? ()
=> 0x0000000000000018:	00 00 00 50	b           	0	# 0x18

Breakpoint 10, 0x0000000000000018 in ?? ()
=> 0x0000000000000018:	00 00 00 50	b           	0	# 0x18

Breakpoint 10, 0x0000000000000018 in ?? ()
=> 0x0000000000000018:	00 00 00 50	b           	0	# 0x18

Breakpoint 10, 0x0000000000000018 in ?? ()
=> 0x0000000000000018:	00 00 00 50	b           	0	# 0x18

Breakpoint 10, 0x0000000000000018 in ?? ()
=> 0x0000000000000018:	00 00 00 50	b           	0	# 0x18

Breakpoint 10, 0x0000000000000018 in ?? ()
=> 0x0000000000000018:	00 00 00 50	b           	0	# 0x18

Breakpoint 10, 0x0000000000000018 in ?? ()
=> 0x0000000000000018:	00 00 00 50	b           	0	# 0x18

Breakpoint 10, 0x0000000000000018 in ?? ()
=> 0x0000000000000018:	00 00 00 50	b           	0	# 0x18

Breakpoint 10, 0x0000000000000018 in ?? ()
=> 0x0000000000000018:	00 00 00 50	b           	0	# 0x18

Breakpoint 10, 0x0000000000000018 in ?? ()
=> 0x0000000000000018:	00 00 00 50	b           	0	# 0x18

Breakpoint 10, 0x0000000000000018 in ?? ()
=> 0x0000000000000018:	00 00 00 50	b           	0	# 0x18

Breakpoint 10, 0x0000000000000018 in ?? ()
=> 0x0000000000000018:	00 00 00 50	b           	0	# 0x18

Breakpoint 10, 0x0000000000000018 in ?? ()
=> 0x0000000000000018:	00 00 00 50	b           	0	# 0x18

Breakpoint 10, 0x0000000000000018 in ?? ()
=> 0x0000000000000018:	00 00 00 50	b           	0	# 0x18

Breakpoint 10, 0x0000000000000018 in ?? ()
=> 0x0000000000000018:	00 00 00 50	b           	0	# 0x18

Breakpoint 10, 0x0000000000000018 in ?? ()
=> 0x0000000000000018:	00 00 00 50	b           	0	# 0x18

Breakpoint 10, 0x0000000000000018 in ?? ()
=> 0x0000000000000018:	00 00 00 50	b           	0	# 0x18

Breakpoint 10, 0x0000000000000018 in ?? ()
=> 0x0000000000000018:	00 00 00 50	b           	0	# 0x18

Breakpoint 10, 0x0000000000000018 in ?? ()
=> 0x0000000000000018:	00 00 00 50	b           	0	# 0x18

Breakpoint 10, 0x0000000000000018 in ?? ()
=> 0x0000000000000018:	00 00 00 50	b           	0	# 0x18

Breakpoint 10, 0x0000000000000018 in ?? ()
=> 0x0000000000000018:	00 00 00 50	b           	0	# 0x18

Breakpoint 10, 0x0000000000000018 in ?? ()
=> 0x0000000000000018:	00 00 00 50	b           	0	# 0x18

Breakpoint 10, 0x0000000000000018 in ?? ()
=> 0x0000000000000018:	00 00 00 50	b           	0	# 0x18

Breakpoint 10, 0x0000000000000018 in ?? ()
=> 0x0000000000000018:	00 00 00 50	b           	0	# 0x18

Breakpoint 10, 0x0000000000000018 in ?? ()
=> 0x0000000000000018:	00 00 00 50	b           	0	# 0x18

Breakpoint 10, 0x0000000000000018 in ?? ()
=> 0x0000000000000018:	00 00 00 50	b           	0	# 0x18

Breakpoint 10, 0x0000000000000018 in ?? ()
=> 0x0000000000000018:	00 00 00 50	b           	0	# 0x18

Breakpoint 10, 0x0000000000000018 in ?? ()
=> 0x0000000000000018:	00 00 00 50	b           	0	# 0x18

Breakpoint 10, 0x0000000000000018 in ?? ()
=> 0x0000000000000018:	00 00 00 50	b           	0	# 0x18

Breakpoint 10, 0x0000000000000018 in ?? ()
=> 0x0000000000000018:	00 00 00 50	b           	0	# 0x18

Breakpoint 10, 0x0000000000000018 in ?? ()
=> 0x0000000000000018:	00 00 00 50	b           	0	# 0x18

Breakpoint 10, 0x0000000000000018 in ?? ()
=> 0x0000000000000018:	00 00 00 50	b           	0	# 0x18

Breakpoint 10, 0x0000000000000018 in ?? ()
=> 0x0000000000000018:	00 00 00 50	b           	0	# 0x18

Breakpoint 10, 0x0000000000000018 in ?? ()
=> 0x0000000000000018:	00 00 00 50	b           	0	# 0x18

Breakpoint 10, 0x0000000000000018 in ?? ()
=> 0x0000000000000018:	00 00 00 50	b           	0	# 0x18

Breakpoint 10, 0x0000000000000018 in ?? ()
=> 0x0000000000000018:	00 00 00 50	b           	0	# 0x18

Breakpoint 10, 0x0000000000000018 in ?? ()
=> 0x0000000000000018:	00 00 00 50	b           	0	# 0x18

Breakpoint 10, 0x0000000000000018 in ?? ()
=> 0x0000000000000018:	00 00 00 50	b           	0	# 0x18

Breakpoint 10, 0x0000000000000018 in ?? ()
=> 0x0000000000000018:	00 00 00 50	b           	0	# 0x18

Breakpoint 10, 0x0000000000000018 in ?? ()
=> 0x0000000000000018:	00 00 00 50	b           	0	# 0x18

Breakpoint 10, 0x0000000000000018 in ?? ()
=> 0x0000000000000018:	00 00 00 50	b           	0	# 0x18

Breakpoint 10, 0x0000000000000018 in ?? ()
=> 0x0000000000000018:	00 00 00 50	b           	0	# 0x18

Breakpoint 10, 0x0000000000000018 in ?? ()
=> 0x0000000000000018:	00 00 00 50	b           	0	# 0x18

Breakpoint 10, 0x0000000000000018 in ?? ()
=> 0x0000000000000018:	00 00 00 50	b           	0	# 0x18

Breakpoint 10, 0x0000000000000018 in ?? ()
=> 0x0000000000000018:	00 00 00 50	b           	0	# 0x18

Breakpoint 10, 0x0000000000000018 in ?? ()
=> 0x0000000000000018:	00 00 00 50	b           	0	# 0x18

Breakpoint 10, 0x0000000000000018 in ?? ()
=> 0x0000000000000018:	00 00 00 50	b           	0	# 0x18

Breakpoint 10, 0x0000000000000018 in ?? ()
=> 0x0000000000000018:	00 00 00 50	b           	0	# 0x18

Breakpoint 10, 0x0000000000000018 in ?? ()
=> 0x0000000000000018:	00 00 00 50	b           	0	# 0x18

Breakpoint 10, 0x0000000000000018 in ?? ()
=> 0x0000000000000018:	00 00 00 50	b           	0	# 0x18

Breakpoint 10, 0x0000000000000018 in ?? ()
=> 0x0000000000000018:	00 00 00 50	b           	0	# 0x18

Breakpoint 10, 0x0000000000000018 in ?? ()
=> 0x0000000000000018:	00 00 00 50	b           	0	# 0x18

Breakpoint 10, 0x0000000000000018 in ?? ()
=> 0x0000000000000018:	00 00 00 50	b           	0	# 0x18

Breakpoint 10, 0x0000000000000018 in ?? ()
=> 0x0000000000000018:	00 00 00 50	b           	0	# 0x18

Breakpoint 10, 0x0000000000000018 in ?? ()
=> 0x0000000000000018:	00 00 00 50	b           	0	# 0x18

Breakpoint 10, 0x0000000000000018 in ?? ()
=> 0x0000000000000018:	00 00 00 50	b           	0	# 0x18

Breakpoint 10, 0x0000000000000018 in ?? ()
=> 0x0000000000000018:	00 00 00 50	b           	0	# 0x18

Breakpoint 10, 0x0000000000000018 in ?? ()
=> 0x0000000000000018:	00 00 00 50	b           	0	# 0x18

Breakpoint 10, 0x0000000000000018 in ?? ()
=> 0x0000000000000018:	00 00 00 50	b           	0	# 0x18

Breakpoint 10, 0x0000000000000018 in ?? ()
=> 0x0000000000000018:	00 00 00 50	b           	0	# 0x18

Breakpoint 10, 0x0000000000000018 in ?? ()
=> 0x0000000000000018:	00 00 00 50	b           	0	# 0x18

Breakpoint 10, 0x0000000000000018 in ?? ()
=> 0x0000000000000018:	00 00 00 50	b           	0	# 0x18

Breakpoint 10, 0x0000000000000018 in ?? ()
=> 0x0000000000000018:	00 00 00 50	b           	0	# 0x18

Breakpoint 10, 0x0000000000000018 in ?? ()
=> 0x0000000000000018:	00 00 00 50	b           	0	# 0x18

Breakpoint 10, 0x0000000000000018 in ?? ()
=> 0x0000000000000018:	00 00 00 50	b           	0	# 0x18

Breakpoint 10, 0x0000000000000018 in ?? ()
=> 0x0000000000000018:	00 00 00 50	b           	0	# 0x18

Breakpoint 10, 0x0000000000000018 in ?? ()
=> 0x0000000000000018:	00 00 00 50	b           	0	# 0x18

Breakpoint 10, 0x0000000000000018 in ?? ()
=> 0x0000000000000018:	00 00 00 50	b           	0	# 0x18

Breakpoint 10, 0x0000000000000018 in ?? ()
=> 0x0000000000000018:	00 00 00 50	b           	0	# 0x18

Breakpoint 10, 0x0000000000000018 in ?? ()
=> 0x0000000000000018:	00 00 00 50	b           	0	# 0x18

Breakpoint 10, 0x0000000000000018 in ?? ()
=> 0x0000000000000018:	00 00 00 50	b           	0	# 0x18

Breakpoint 10, 0x0000000000000018 in ?? ()
=> 0x0000000000000018:	00 00 00 50	b           	0	# 0x18

Breakpoint 10, 0x0000000000000018 in ?? ()
=> 0x0000000000000018:	00 00 00 50	b           	0	# 0x18

Breakpoint 10, 0x0000000000000018 in ?? ()
=> 0x0000000000000018:	00 00 00 50	b           	0	# 0x18

Breakpoint 10, 0x0000000000000018 in ?? ()
=> 0x0000000000000018:	00 00 00 50	b           	0	# 0x18

Breakpoint 10, 0x0000000000000018 in ?? ()
=> 0x0000000000000018:	00 00 00 50	b           	0	# 0x18

Breakpoint 10, 0x0000000000000018 in ?? ()
=> 0x0000000000000018:	00 00 00 50	b           	0	# 0x18

Breakpoint 10, 0x0000000000000018 in ?? ()
=> 0x0000000000000018:	00 00 00 50	b           	0	# 0x18

Breakpoint 10, 0x0000000000000018 in ?? ()
=> 0x0000000000000018:	00 00 00 50	b           	0	# 0x18

Breakpoint 10, 0x0000000000000018 in ?? ()
=> 0x0000000000000018:	00 00 00 50	b           	0	# 0x18

Breakpoint 10, 0x0000000000000018 in ?? ()
=> 0x0000000000000018:	00 00 00 50	b           	0	# 0x18

Breakpoint 10, 0x0000000000000018 in ?? ()
=> 0x0000000000000018:	00 00 00 50	b           	0	# 0x18

Breakpoint 10, 0x0000000000000018 in ?? ()
=> 0x0000000000000018:	00 00 00 50	b           	0	# 0x18

Breakpoint 10, 0x0000000000000018 in ?? ()
=> 0x0000000000000018:	00 00 00 50	b           	0	# 0x18

Breakpoint 10, 0x0000000000000018 in ?? ()
=> 0x0000000000000018:	00 00 00 50	b           	0	# 0x18

Breakpoint 10, 0x0000000000000018 in ?? ()
=> 0x0000000000000018:	00 00 00 50	b           	0	# 0x18

Breakpoint 10, 0x0000000000000018 in ?? ()
=> 0x0000000000000018:	00 00 00 50	b           	0	# 0x18

Breakpoint 10, 0x0000000000000018 in ?? ()
=> 0x0000000000000018:	00 00 00 50	b           	0	# 0x18

Breakpoint 10, 0x0000000000000018 in ?? ()
=> 0x0000000000000018:	00 00 00 50	b           	0	# 0x18

Breakpoint 10, 0x0000000000000018 in ?? ()
=> 0x0000000000000018:	00 00 00 50	b           	0	# 0x18

Breakpoint 10, 0x0000000000000018 in ?? ()
=> 0x0000000000000018:	00 00 00 50	b           	0	# 0x18

Breakpoint 10, 0x0000000000000018 in ?? ()
=> 0x0000000000000018:	00 00 00 50	b           	0	# 0x18

Breakpoint 10, 0x0000000000000018 in ?? ()
=> 0x0000000000000018:	00 00 00 50	b           	0	# 0x18

Breakpoint 10, 0x0000000000000018 in ?? ()
=> 0x0000000000000018:	00 00 00 50	b           	0	# 0x18

Breakpoint 10, 0x0000000000000018 in ?? ()
=> 0x0000000000000018:	00 00 00 50	b           	0	# 0x18

Breakpoint 10, 0x0000000000000018 in ?? ()
=> 0x0000000000000018:	00 00 00 50	b           	0	# 0x18

Breakpoint 10, 0x0000000000000018 in ?? ()
=> 0x0000000000000018:	00 00 00 50	b           	0	# 0x18

Breakpoint 10, 0x0000000000000018 in ?? ()
=> 0x0000000000000018:	00 00 00 50	b           	0	# 0x18

Breakpoint 10, 0x0000000000000018 in ?? ()
=> 0x0000000000000018:	00 00 00 50	b           	0	# 0x18

Breakpoint 10, 0x0000000000000018 in ?? ()
=> 0x0000000000000018:	00 00 00 50	b           	0	# 0x18

Breakpoint 10, 0x0000000000000018 in ?? ()
=> 0x0000000000000018:	00 00 00 50	b           	0	# 0x18

Breakpoint 10, 0x0000000000000018 in ?? ()
=> 0x0000000000000018:	00 00 00 50	b           	0	# 0x18

Breakpoint 10, 0x0000000000000018 in ?? ()
=> 0x0000000000000018:	00 00 00 50	b           	0	# 0x18

Breakpoint 10, 0x0000000000000018 in ?? ()
=> 0x0000000000000018:	00 00 00 50	b           	0	# 0x18

Breakpoint 10, 0x0000000000000018 in ?? ()
=> 0x0000000000000018:	00 00 00 50	b           	0	# 0x18

Breakpoint 10, 0x0000000000000018 in ?? ()
=> 0x0000000000000018:	00 00 00 50	b           	0	# 0x18

Breakpoint 10, 0x0000000000000018 in ?? ()
=> 0x0000000000000018:	00 00 00 50	b           	0	# 0x18

Breakpoint 10, 0x0000000000000018 in ?? ()
=> 0x0000000000000018:	00 00 00 50	b           	0	# 0x18

Breakpoint 10, 0x0000000000000018 in ?? ()
=> 0x0000000000000018:	00 00 00 50	b           	0	# 0x18

Breakpoint 10, 0x0000000000000018 in ?? ()
=> 0x0000000000000018:	00 00 00 50	b           	0	# 0x18

Breakpoint 10, 0x0000000000000018 in ?? ()
=> 0x0000000000000018:	00 00 00 50	b           	0	# 0x18

Breakpoint 10, 0x0000000000000018 in ?? ()
=> 0x0000000000000018:	00 00 00 50	b           	0	# 0x18

Breakpoint 10, 0x0000000000000018 in ?? ()
=> 0x0000000000000018:	00 00 00 50	b           	0	# 0x18

Breakpoint 10, 0x0000000000000018 in ?? ()
=> 0x0000000000000018:	00 00 00 50	b           	0	# 0x18

Breakpoint 10, 0x0000000000000018 in ?? ()
=> 0x0000000000000018:	00 00 00 50	b           	0	# 0x18

Breakpoint 10, 0x0000000000000018 in ?? ()
=> 0x0000000000000018:	00 00 00 50	b           	0	# 0x18

Breakpoint 10, 0x0000000000000018 in ?? ()
=> 0x0000000000000018:	00 00 00 50	b           	0	# 0x18

Breakpoint 10, 0x0000000000000018 in ?? ()
=> 0x0000000000000018:	00 00 00 50	b           	0	# 0x18

Breakpoint 10, 0x0000000000000018 in ?? ()
=> 0x0000000000000018:	00 00 00 50	b           	0	# 0x18

Breakpoint 10, 0x0000000000000018 in ?? ()
=> 0x0000000000000018:	00 00 00 50	b           	0	# 0x18

Breakpoint 10, 0x0000000000000018 in ?? ()
=> 0x0000000000000018:	00 00 00 50	b           	0	# 0x18

Breakpoint 10, 0x0000000000000018 in ?? ()
=> 0x0000000000000018:	00 00 00 50	b           	0	# 0x18

Breakpoint 10, 0x0000000000000018 in ?? ()
=> 0x0000000000000018:	00 00 00 50	b           	0	# 0x18

Breakpoint 10, 0x0000000000000018 in ?? ()
=> 0x0000000000000018:	00 00 00 50	b           	0	# 0x18

Breakpoint 10, 0x0000000000000018 in ?? ()
=> 0x0000000000000018:	00 00 00 50	b           	0	# 0x18

Breakpoint 10, 0x0000000000000018 in ?? ()
=> 0x0000000000000018:	00 00 00 50	b           	0	# 0x18

Breakpoint 10, 0x0000000000000018 in ?? ()
=> 0x0000000000000018:	00 00 00 50	b           	0	# 0x18

Breakpoint 10, 0x0000000000000018 in ?? ()
=> 0x0000000000000018:	00 00 00 50	b           	0	# 0x18

Breakpoint 10, 0x0000000000000018 in ?? ()
=> 0x0000000000000018:	00 00 00 50	b           	0	# 0x18

Breakpoint 10, 0x0000000000000018 in ?? ()
=> 0x0000000000000018:	00 00 00 50	b           	0	# 0x18

Breakpoint 10, 0x0000000000000018 in ?? ()
=> 0x0000000000000018:	00 00 00 50	b           	0	# 0x18

Breakpoint 10, 0x0000000000000018 in ?? ()
=> 0x0000000000000018:	00 00 00 50	b           	0	# 0x18

Breakpoint 10, 0x0000000000000018 in ?? ()
=> 0x0000000000000018:	00 00 00 50	b           	0	# 0x18

Breakpoint 10, 0x0000000000000018 in ?? ()
=> 0x0000000000000018:	00 00 00 50	b           	0	# 0x18

Breakpoint 10, 0x0000000000000018 in ?? ()
=> 0x0000000000000018:	00 00 00 50	b           	0	# 0x18

Breakpoint 10, 0x0000000000000018 in ?? ()
=> 0x0000000000000018:	00 00 00 50	b           	0	# 0x18

Breakpoint 10, 0x0000000000000018 in ?? ()
=> 0x0000000000000018:	00 00 00 50	b           	0	# 0x18

Breakpoint 10, 0x0000000000000018 in ?? ()
=> 0x0000000000000018:	00 00 00 50	b           	0	# 0x18

Breakpoint 10, 0x0000000000000018 in ?? ()
=> 0x0000000000000018:	00 00 00 50	b           	0	# 0x18

Breakpoint 10, 0x0000000000000018 in ?? ()
=> 0x0000000000000018:	00 00 00 50	b           	0	# 0x18

Breakpoint 10, 0x0000000000000018 in ?? ()
=> 0x0000000000000018:	00 00 00 50	b           	0	# 0x18

Breakpoint 10, 0x0000000000000018 in ?? ()
=> 0x0000000000000018:	00 00 00 50	b           	0	# 0x18

Breakpoint 10, 0x0000000000000018 in ?? ()
=> 0x0000000000000018:	00 00 00 50	b           	0	# 0x18

Breakpoint 10, 0x0000000000000018 in ?? ()
=> 0x0000000000000018:	00 00 00 50	b           	0	# 0x18

Breakpoint 10, 0x0000000000000018 in ?? ()
=> 0x0000000000000018:	00 00 00 50	b           	0	# 0x18

Breakpoint 10, 0x0000000000000018 in ?? ()
=> 0x0000000000000018:	00 00 00 50	b           	0	# 0x18

Breakpoint 10, 0x0000000000000018 in ?? ()
=> 0x0000000000000018:	00 00 00 50	b           	0	# 0x18

Breakpoint 10, 0x0000000000000018 in ?? ()
=> 0x0000000000000018:	00 00 00 50	b           	0	# 0x18

Breakpoint 10, 0x0000000000000018 in ?? ()
=> 0x0000000000000018:	00 00 00 50	b           	0	# 0x18

Breakpoint 10, 0x0000000000000018 in ?? ()
=> 0x0000000000000018:	00 00 00 50	b           	0	# 0x18

Breakpoint 10, 0x0000000000000018 in ?? ()
=> 0x0000000000000018:	00 00 00 50	b           	0	# 0x18

Breakpoint 10, 0x0000000000000018 in ?? ()
=> 0x0000000000000018:	00 00 00 50	b           	0	# 0x18

Breakpoint 10, 0x0000000000000018 in ?? ()
=> 0x0000000000000018:	00 00 00 50	b           	0	# 0x18

Breakpoint 10, 0x0000000000000018 in ?? ()
=> 0x0000000000000018:	00 00 00 50	b           	0	# 0x18

Breakpoint 10, 0x0000000000000018 in ?? ()
=> 0x0000000000000018:	00 00 00 50	b           	0	# 0x18

Breakpoint 10, 0x0000000000000018 in ?? ()
=> 0x0000000000000018:	00 00 00 50	b           	0	# 0x18

Breakpoint 10, 0x0000000000000018 in ?? ()
=> 0x0000000000000018:	00 00 00 50	b           	0	# 0x18

Breakpoint 10, 0x0000000000000018 in ?? ()
=> 0x0000000000000018:	00 00 00 50	b           	0	# 0x18

Breakpoint 10, 0x0000000000000018 in ?? ()
=> 0x0000000000000018:	00 00 00 50	b           	0	# 0x18

Breakpoint 10, 0x0000000000000018 in ?? ()
=> 0x0000000000000018:	00 00 00 50	b           	0	# 0x18

Breakpoint 10, 0x0000000000000018 in ?? ()
=> 0x0000000000000018:	00 00 00 50	b           	0	# 0x18

Breakpoint 10, 0x0000000000000018 in ?? ()
=> 0x0000000000000018:	00 00 00 50	b           	0	# 0x18

Breakpoint 10, 0x0000000000000018 in ?? ()
=> 0x0000000000000018:	00 00 00 50	b           	0	# 0x18

Breakpoint 10, 0x0000000000000018 in ?? ()
=> 0x0000000000000018:	00 00 00 50	b           	0	# 0x18
Continuing.

Breakpoint 10, 0x0000000000000018 in ?? ()
=> 0x0000000000000018:	00 00 00 50	b           	0	# 0x18
Continuing.

Breakpoint 10, 0x0000000000000018 in ?? ()
=> 0x0000000000000018:	00 00 00 50	b           	0	# 0x18
Continuing.

Breakpoint 10, 0x0000000000000018 in ?? ()
=> 0x0000000000000018:	00 00 00 50	b           	0	# 0x18
Continuing.

Breakpoint 10, 0x0000000000000018 in ?? ()
=> 0x0000000000000018:	00 00 00 50	b           	0	# 0x18
Continuing.

Breakpoint 10, 0x0000000000000018 in ?? ()
=> 0x0000000000000018:	00 00 00 50	b           	0	# 0x18
Continuing.

Breakpoint 9, 0x0000000000000014 in ?? ()
=> 0x0000000000000014:	00 00 2b 00	syscall     	0x0
warning: Error detected on fd 0
error detected on stdin
